<?xml version="1.0" encoding="UTF-8"?>
<!-- Generated by org.testng.reporters.JUnitReportReporter -->
<testsuite skipped="0" hostname="Prasad-PC" name="Academy.Homepage" tests="2" failures="0" timestamp="12 Jun 2020 14:55:23 GMT" time="6.107" errors="0">
  <testcase name="basepagenevigation" time="0.979" classname="Academy.Homepage"/>
  <testcase name="basepagenevigation" time="5.128" classname="Academy.Homepage"/>
</testsuite> <!-- Academy.Homepage -->
