<?xml version="1.0" encoding="UTF-8"?>
<!-- Generated by org.testng.reporters.JUnitReportReporter -->
<testsuite skipped="0" hostname="Prasad-PC" name="Academy.Validationofdisplay" tests="1" failures="0" timestamp="12 Jun 2020 14:55:23 GMT" time="0.170" errors="0">
  <testcase name="basepagenevigation" time="0.170" classname="Academy.Validationofdisplay"/>
</testsuite> <!-- Academy.Validationofdisplay -->
