<?xml version="1.0" encoding="UTF-8"?>
<!-- Generated by org.testng.reporters.JUnitReportReporter -->
<testsuite skipped="0" hostname="Prasad-PC" name="Academy.Validation" tests="1" failures="0" timestamp="12 Jun 2020 14:23:15 GMT" time="21.337" errors="0">
  <testcase name="basepagenevigation" time="21.337" classname="Academy.Validation"/>
</testsuite> <!-- Academy.Validation -->
