<?xml version="1.0" encoding="UTF-8"?>
<!-- Generated by org.testng.reporters.JUnitReportReporter -->
<testsuite skipped="0" hostname="Prasad-PC" name="Academy.Validationofdisplay" tests="1" failures="0" timestamp="2020-06-12T20:36:44 IST" time="0.258" errors="0">
  <testcase name="basepagenevigation" time="0.258" classname="Academy.Validationofdisplay"/>
  <system-out/>
</testsuite> <!-- Academy.Validationofdisplay -->
