<?xml version="1.0" encoding="UTF-8"?>
<!-- Generated by org.testng.reporters.JUnitReportReporter -->
<testsuite skipped="0" hostname="Prasad-PC" name="Academy.Homepage" tests="2" failures="0" timestamp="2020-06-12T20:36:44 IST" time="2.238" errors="0">
  <testcase name="basepagenevigation" time="1.409" classname="Academy.Homepage"/>
  <system-out/>
  <testcase name="basepagenevigation" time="0.829" classname="Academy.Homepage"/>
  <system-out/>
</testsuite> <!-- Academy.Homepage -->
